<?xml version="1.0" encoding="UTF-8"?>
<testng-results skipped="0" failed="0" total="1" passed="1">
  <reporter-output>
  </reporter-output>
  <suite name="Default suite" duration-ms="106519" started-at="2015-09-26T11:03:08Z" finished-at="2015-09-26T11:04:55Z">
    <groups>
    </groups>
    <test name="Default test" duration-ms="106519" started-at="2015-09-26T11:03:08Z" finished-at="2015-09-26T11:04:55Z">
      <class name="selenium_mvn_eclipse.AppiumTest">
        <test-method status="PASS" signature="setUpClass()[pri:0, instance:selenium_mvn_eclipse.AppiumTest@3fb6a447]" name="setUpClass" is-config="true" duration-ms="16801" started-at="2015-09-26T16:33:08Z" finished-at="2015-09-26T16:33:25Z">
          <reporter-output>
          </reporter-output>
        </test-method> <!-- setUpClass -->
        <test-method status="PASS" signature="openSubmitPage()[pri:0, instance:selenium_mvn_eclipse.AppiumTest@3fb6a447]" name="openSubmitPage" duration-ms="87565" started-at="2015-09-26T16:33:25Z" finished-at="2015-09-26T16:34:53Z">
          <reporter-output>
          </reporter-output>
        </test-method> <!-- openSubmitPage -->
        <test-method status="PASS" signature="tearDownClass()[pri:0, instance:selenium_mvn_eclipse.AppiumTest@3fb6a447]" name="tearDownClass" is-config="true" duration-ms="2133" started-at="2015-09-26T16:34:53Z" finished-at="2015-09-26T16:34:55Z">
          <reporter-output>
          </reporter-output>
        </test-method> <!-- tearDownClass -->
      </class> <!-- selenium_mvn_eclipse.AppiumTest -->
    </test> <!-- Default test -->
  </suite> <!-- Default suite -->
</testng-results>
